<?xml version="1.0" encoding="UTF-8"?>
<!-- Generated by org.testng.reporters.JUnitReportReporter -->
<testsuite hostname="LAPTOP-4U0JORM0" failures="0" tests="1" name="ExtentReport.learnER.LearnER" time="5.090" errors="0" timestamp="22 Jan 2022 12:54:29 GMT">
  <testcase classname="ExtentReport.learnER.LearnER" name="InitialDemo" time="5.090"/>
</testsuite> <!-- ExtentReport.learnER.LearnER -->
